Now grabbing EPM756's activities
Now grabbing LA3308's activities
Now grabbing HS2001's activities
Now grabbing APM013's activities
Now grabbing MA1610's activities
Now grabbing EPM603's activities
Now grabbing INM407's activities
Now grabbing BS1003 FMBS's activities
Now grabbing EC3026's activities
Now grabbing MBM028 EMBA's activities
Now grabbing LA1208's activities
Now grabbing HSM332's activities
Now grabbing MUM109's activities
Now grabbing EDM117's activities
Now grabbing SLM007S's activities
Now grabbing PS2006's activities
Now grabbing MBM406 strat (B)'s activities
Now grabbing MBM408 HRM  (B)'s activities
Now grabbing SMM050's activities
Now grabbing MU3123's activities
Now grabbing IF3101's activities
Now grabbing MBM408 SS2  (A)'s activities
Now grabbing JO3111's activities
Now grabbing SMM956's activities
Now grabbing LG3080's activities
Now grabbing JOM603's activities
Now grabbing CV1306's activities
Now grabbing ECM210's activities
Now grabbing SMM057's activities
Now grabbing SMM429's activities
Now grabbing SG2028's activities
Now grabbing EE3431's activities
Now grabbing MBM406 int's activities
Now grabbing SMM265's activities
Now grabbing MS3109's activities
Now grabbing SL1001's activities
Now grabbing RCM123's activities
Now grabbing CRM003's activities
Now grabbing MU2134's activities
Now grabbing MU3141's activities
Now grabbing IN2011's activities
Now grabbing IPM011's activities
Now grabbing HPM006's activities
Now grabbing LMM129's activities
Now grabbing EDM106's activities
Now grabbing SMM274's activities
Now grabbing SMM463's activities
Now grabbing INM409's activities
Now grabbing SMM208's activities
Now grabbing EEE Y1 Tut's activities
Now grabbing LA2308's activities
Now grabbing EPM721's activities
Now grabbing CS1512's activities
Now grabbing SMM110's activities
Now grabbing SMM751's activities
Now grabbing HS1021's activities
Now grabbing RT2008's activities
Now grabbing AMM425's activities
Now grabbing EL3002's activities
Now grabbing MU3113's activities
Now grabbing MBM014 EMBA's activities
Now grabbing SMM052's activities
Now grabbing EC2019's activities
Now grabbing IN3016's activities
Now grabbing RT2024's activities
Now grabbing PSM716's activities
Now grabbing IP3020's activities
Now grabbing IF1002's activities
Now grabbing AE2514's activities
Now grabbing BS1108's activities
Now grabbing PSM503's activities
Now grabbing SMM115 FIpt's activities
Now grabbing MA1608's activities
Now grabbing LA1308b's activities
Now grabbing SMM680's activities
Now grabbing FR2208's activities
Now grabbing AE3272's activities
Now grabbing LG3087's activities
Now grabbing %23SPLUS89DD70's activities
Now grabbing CE2520's activities
Now grabbing EC1003's activities
Now grabbing INM420's activities
Now grabbing SMM711's activities
Now grabbing FR2212's activities
Now grabbing PSD207's activities
Now grabbing SMM121's activities
Now grabbing MBM109 FTMBA's activities
Now grabbing SMM068's activities
Now grabbing LU3086's activities
Now grabbing SMM128's activities
Now grabbing IF1201 AFBIFBS's activities
Now grabbing JO2108's activities
Now grabbing JOM770's activities
Now grabbing IP2025's activities
Now grabbing IP3023's activities
Now grabbing HS2132's activities
Now grabbing FPM005's activities
Now grabbing RD3006's activities
Now grabbing EC3021's activities
Now grabbing ECM101's activities
Now grabbing MA3604's activities
Now grabbing MBM407 POF (A)'s activities
Now grabbing MBM134's activities
Now grabbing LG3102's activities
Now grabbing INM392's activities
Now grabbing MU1021's activities
Now grabbing MBM408 HRM  (A)'s activities
Now grabbing SMM622's activities
Now grabbing CE2302's activities
Now grabbing JOM968's activities
Now grabbing EE2512's activities
Now grabbing SG3033's activities
Now grabbing SMM468's activities
Now grabbing EVIEWSBUSspring's activities
Now grabbing LA1308's activities
Now grabbing SMM132's activities
Now grabbing JOM934's activities
Now grabbing SMMxxx.'s activities
Now grabbing EE2514's activities
Now grabbing CE2311's activities
Now grabbing BS2201's activities
Now grabbing SMM887's activities
Now grabbing SL1003S's activities
Now grabbing MBM030 MEMBA's activities
Now grabbing MA3614's activities
Now grabbing HPM003's activities
Now grabbing CS2767's activities
Now grabbing MBM407 POF (B)'s activities
Now grabbing SLM006's activities
Now grabbing MBM026 EMBA's activities
Now grabbing PSM402's activities
Now grabbing SMM036's activities
Now grabbing LU3078's activities
Now grabbing MBM408 SS2  (B)'s activities
Now grabbing MEM103's activities
Now grabbing SMM351's activities
Now grabbing Databases INV's activities
Now grabbing SMM027's activities
Now grabbing MBM141 EMBA's activities
Now grabbing ECM020's activities
Now grabbing IPM013's activities
Now grabbing PEC's activities
Now grabbing SMM130's activities
Now grabbing PSD313's activities
Now grabbing SMM476's activities
Now grabbing AS1000's activities
Now grabbing MA2612's activities
Now grabbing APM012's activities
Now grabbing SMM175's activities
Now grabbing SMM534 STF/ETF's activities
Now grabbing SMM972's activities
Now grabbing IN3026's activities
Now grabbing SGM249's activities
Now grabbing MU2047's activities
Now grabbing PS3022's activities
Now grabbing LG3072's activities
Now grabbing SL3006's activities
Now grabbing OVM022's activities
Now grabbing SMM174's activities
Now grabbing MA2204's activities
Now grabbing HPM001's activities
Now grabbing PS2004's activities
Now grabbing MA2602's activities
Now grabbing MAM616's activities
Now grabbing MU2103's activities
Now grabbing RT1013's activities
Now grabbing EPM939's activities
Now grabbing AS1055's activities
Now grabbing SMM484's activities
Now grabbing JO2200's activities
Now grabbing ME3114's activities
Now grabbing SMM475's activities
Now grabbing BS2200's activities
Now grabbing LU1005's activities
Now grabbing SMM880's activities
Now grabbing EDM118's activities
Now grabbing CV1407's activities
Now grabbing INM380's activities
Now grabbing SMM071's activities
Now grabbing HSM100's activities
Now grabbing OVM051's activities
Now grabbing RT3010's activities
Now grabbing CS1006's activities
Now grabbing IN2001's activities
Now grabbing MBM166's activities
Now grabbing SMM718's activities
Now grabbing MBM406 acc A's activities
Now grabbing IP3018's activities
Now grabbing MBM512's activities
Now grabbing MBM312 EMBA's activities
Now grabbing HC3001's activities
Now grabbing SMM988's activities
Now grabbing EPM976's activities
Now grabbing SMM400's activities
Now grabbing FR2203's activities
Now grabbing JO2302(a)'s activities
Now grabbing MBMxxx FM emba's activities
Now grabbing INM301's activities
Now grabbing SMMxxx/BPlan's activities
Now grabbing EPM792's activities
Now grabbing CE1885's activities
Now grabbing CS1509's activities
Now grabbing SMM033's activities
Now grabbing PSM713's activities
Now grabbing SMM521's activities
Now grabbing SMM061's activities
Now grabbing CE1213's activities
Now grabbing SL1006SUM's activities
Now grabbing seminar's activities
Now grabbing SG2015's activities
Now grabbing AE3213's activities
Now grabbing MBM517's activities
Now grabbing ECM023's activities
Now grabbing PSM507's activities
Now grabbing INM315's activities
Now grabbing CS1762's activities
Now grabbing PSM513's activities
Now grabbing MBM526 MEMBA's activities
Now grabbing MBM013 csr MEMBA's activities
Now grabbing HSM201's activities
Now grabbing MBM409 CG (B)'s activities
Now grabbing SMM198's activities
Now grabbing JOM961's activities
Now grabbing SMM233 Day's activities
Now grabbing SMM989's activities
Now grabbing ECM016's activities
Now grabbing EPM940's activities
Now grabbing SMM441's activities
Now grabbing LMM125's activities
Now grabbing LA0021's activities
Now grabbing SMM365's activities
Now grabbing SMM250_CF's activities
Now grabbing LD3006's activities
Now grabbing MBM600's activities
Now grabbing EE0001's activities
Now grabbing LAM030's activities
Now grabbing CS2509's activities
Now grabbing EE1500's activities
Now grabbing Cass UG Induction Study Abroad's activities
Now grabbing MBM550 emba's activities
Now grabbing MAM611's activities
Now grabbing ME3108's activities
Now grabbing MBM542 MEMBA's activities
Now grabbing SMM479's activities
Now grabbing CE2210's activities
Now grabbing EE2402's activities
Now grabbing HS1012's activities
Now grabbing EE1427's activities
Now grabbing SMM800 RE/REI's activities
Now grabbing IN1010's activities
Now grabbing SMM482 ENT/MKT's activities
Now grabbing MSc Induction's activities
Now grabbing SMM806's activities
Now grabbing MU3109's activities
Now grabbing EE2425's activities
Now grabbing EPM968's activities
Now grabbing INM403's activities
Now grabbing HMM021's activities
Now grabbing SMM302's activities
Now grabbing SMM969's activities
Now grabbing EE2503's activities
Now grabbing MU3131's activities
Now grabbing SMM591's activities
Now grabbing ECM002's activities
Now grabbing BS2095's activities
Now grabbing IP1015's activities
Now grabbing MBM127 EMBA's activities
Now grabbing SMM104's activities
Now grabbing JOM855's activities
Now grabbing EC3013's activities
Now grabbing EE1460's activities
Now grabbing MBM015 EMBA's activities
Now grabbing LAM025's activities
Now grabbing SMM921's activities
Now grabbing MBM137 EMBA's activities
Now grabbing SMM883's activities
Now grabbing CV2402's activities
Now grabbing LU2002's activities
Now grabbing IP3024's activities
Now grabbing SJ Ind's activities
Now grabbing SG2051's activities
Now grabbing SMM993's activities
Now grabbing EC1009's activities
Now grabbing RadiInduction's activities
Now grabbing CVM403's activities
Now grabbing HS1022's activities
Now grabbing EC2021's activities
Now grabbing PS3029's activities
Now grabbing ME2109's activities
Now grabbing SMM556's activities
Now grabbing EC2016's activities
Now grabbing LG3086's activities
Now grabbing ETM462's activities
Now grabbing EX1002's activities
Now grabbing SMM434's activities
Now grabbing LA1001's activities
Now grabbing SMM234 CF's activities
Now grabbing SMM306's activities
Now grabbing LU1009's activities
Now grabbing MU2002's activities
Now grabbing SMM482 SM's activities
Now grabbing SMM053's activities
Now grabbing CS1810's activities
Now grabbing SGM230's activities
Now grabbing MBM406 acc B's activities
Now grabbing RC3003's activities
Now grabbing LG2003's activities
Now grabbing SMM227's activities
Now grabbing IN2010's activities
Now grabbing PSM504's activities
Now grabbing SMM323's activities
Now grabbing SMM873.'s activities
Now grabbing EE1503's activities
Now grabbing EPM719's activities
Now grabbing SMM761's activities
Now grabbing INM314's activities
Now grabbing PSI's activities
Now grabbing IP3027's activities
Now grabbing SGM002's activities
Now grabbing IF2208's activities
Now grabbing AS1001's activities
Now grabbing GUESTMED's activities
Now grabbing EPM733's activities
Now grabbing INM363's activities
Now grabbing SMM464 FIN/CF's activities
Now grabbing LG3105's activities
Now grabbing FPM004's activities
Now grabbing ECM003b's activities
Now grabbing EDM120's activities
Now grabbing SMM951's activities
Now grabbing EPM823's activities
Now grabbing IN2030's activities
Now grabbing LA2102's activities
Now grabbing INM410's activities
Now grabbing ME3100A's activities
Now grabbing ECM106's activities
Now grabbing CE2214's activities
Now grabbing LG3078's activities
Now grabbing IPM027's activities
Now grabbing IF2103's activities
Now grabbing RD2022's activities
Now grabbing MBM029 EMBA's activities
Now grabbing HSM043's activities
Now grabbing PSD208's activities
Now grabbing SG3053's activities
Now grabbing EPM764's activities
Now grabbing MU2114's activities
Now grabbing JOM925's activities
Now grabbing HC2003's activities
Now grabbing Databases MGT's activities
Now grabbing LA0025's activities
Now grabbing SMM233 Block's activities
Now grabbing ME3152's activities
Now grabbing SMM467 CF's activities
Now grabbing IF1202's activities
Now grabbing EPM738's activities
Now grabbing AF3100's activities
Now grabbing SMM153's activities
Now grabbing IN3017's activities
Now grabbing JOM829's activities
Now grabbing PSM405's activities
Now grabbing SMM064's activities
Now grabbing %23SPLUS89DD76's activities
Now grabbing EPM101's activities
Now grabbing LG3089's activities
Now grabbing %23SPLUSA936FF's activities
Now grabbing MBM407 PD's activities
Now grabbing OV2018's activities
Now grabbing HPM002's activities
Now grabbing JOM777's activities
Now grabbing SOI tut's activities
Now grabbing SMM949 PhD's activities
Now grabbing SMM381's activities
Now grabbing INM354 (PT)'s activities
Now grabbing EPM935's activities
Now grabbing CE1840's activities
Now grabbing SL1005's activities
Now grabbing SGM206's activities
Now grabbing EPM605's activities
Now grabbing ECM026's activities
Now grabbing CE1893's activities
Now grabbing IF3102's activities
Now grabbing AMM420's activities
Now grabbing SMM356's activities
Now grabbing SMM501's activities
Now grabbing CISI's activities
Now grabbing JOM621's activities
Now grabbing MBM407 bus econ (B)'s activities
Now grabbing CS2565's activities
Now grabbing MS3003's activities
Now grabbing JOM958's activities
Now grabbing SG2040's activities
Now grabbing AE3204's activities
Now grabbing SMM752's activities
Now grabbing MS3203's activities
Now grabbing MBM025's activities
Now grabbing LG3090's activities
Now grabbing IP2027's activities
Now grabbing IP2019's activities
Now grabbing BS3103's activities
Now grabbing EC3025's activities
Now grabbing BS2000 YR 2's activities
Now grabbing HCM019's activities
Now grabbing IPM017's activities
Now grabbing FR2105's activities
Now grabbing SMM879's activities
Now grabbing JOM845N's activities
Now grabbing CC3009's activities
Now grabbing OV3022's activities
Now grabbing BS3214's activities
Now grabbing CE1611's activities
Now grabbing PSM518's activities
Now grabbing MS1102's activities
Now grabbing SL2001's activities
Now grabbing SMM385's activities
Now grabbing JOM864's activities
Now grabbing EPM712's activities
Now grabbing SMM561's activities
Now grabbing LAM020's activities
Now grabbing BS2111's activities
Now grabbing SGM239's activities
Now grabbing RC2001's activities
Now grabbing MS2106's activities
Now grabbing RCM012's activities
Now grabbing MBM140's activities
Now grabbing %23SPLUS633BF4's activities
Now grabbing RT2023's activities
Now grabbing BS2211's activities
Now grabbing AS3106's activities
Now grabbing SMM483's activities
Now grabbing SMM171's activities
Now grabbing CS1869's activities
Now grabbing CS1996's activities
Now grabbing SMM564's activities
Now grabbing INM399's activities
Now grabbing BS2101's activities
Now grabbing SGM211's activities
Now grabbing CS1834's activities
Now grabbing HRM003's activities
Now grabbing SLM002's activities
Now grabbing IN1005's activities
Now grabbing LA2018's activities
Now grabbing SMM525's activities
Now grabbing EPM421's activities
Now grabbing BS3206's activities
Now grabbing RT2018's activities
Now grabbing BS3095's activities
Now grabbing SG3062's activities
Now grabbing INM370 (PT)'s activities
Now grabbing MS2107's activities
Now grabbing BS3108's activities
Now grabbing CVTUT1's activities
Now grabbing CE2618's activities
Now grabbing SMM607's activities
Now grabbing PS1005's activities
Now grabbing LG3098's activities
Now grabbing Cass UG Induction's activities
Now grabbing AS1051's activities
Now grabbing MBM020MEMBA's activities
Now grabbing Cass MSc's activities
Now grabbing EPM944's activities
Now grabbing IF3202's activities
Now grabbing MBM544  FTMBA's activities
Now grabbing %23SPLUSB04FBD's activities
Now grabbing EPM972's activities
Now grabbing JOM612's activities
Now grabbing INM358's activities
Now grabbing BS3217's activities
Now grabbing CS2315's activities
Now grabbing EPM973's activities
Now grabbing MBM129 EMBA's activities
Now grabbing MBM134  FTMBA's activities
Now grabbing SMM192's activities
Now grabbing SMM941 PhD's activities
Now grabbing EPM400's activities
Now grabbing LA3203's activities
Now grabbing RT3022's activities
Now grabbing SL1001S's activities
Now grabbing APM016's activities
Now grabbing MS1203's activities
Now grabbing SMM369's activities
Now grabbing EDM112's activities
Now grabbing JO2209's activities
Now grabbing SMM255's activities
Now grabbing SMM522 ACSCI's activities
Now grabbing PSD203's activities
Now grabbing EPM718's activities
Now grabbing CV1408's activities
Now grabbing MBM027 EMBA's activities
Now grabbing LG3076's activities
Now grabbing Arabic For Media Conversation Class's activities
Now grabbing IN3001's activities
Now grabbing JOM960's activities
Now grabbing SMM522 FIN's activities
Now grabbing CE2381's activities
Now grabbing EPM410's activities
Now grabbing CC1004's activities
Now grabbing AF2100's activities
Now grabbing SMM404's activities
Now grabbing HMM000's activities
Now grabbing CS1001's activities
Now grabbing MBM028 MEMBA's activities
Now grabbing SMM199's activities
Now grabbing JOM470's activities
Now grabbing CV2420's activities
Now grabbing EPM783's activities
Now grabbing HSM101's activities
Now grabbing ECM008's activities
Now grabbing ECM213's activities
Now grabbing LU3094's activities
Now grabbing AE2510's activities
Now grabbing HMM006's activities
Now grabbing LU3087's activities
Now grabbing SMM894's activities
Now grabbing SMM148 CF's activities
Now grabbing JO2204's activities
Now grabbing SMM264's activities
Now grabbing SMM456's activities
Now grabbing RD3005's activities
Now grabbing CV1403's activities
Now grabbing AS1101's activities
Now grabbing AMMxx3's activities
Now grabbing IP1017's activities
Now grabbing INM311 (FT)'s activities
Now grabbing SMM596's activities
Now grabbing LG3083's activities
Now grabbing OV2004's activities
Now grabbing LAM029's activities
Now grabbing SMM269's activities
Now grabbing JOM783's activities
Now grabbing RT3007's activities
Now grabbing LU3079's activities
Now grabbing SMMxxx BTours's activities
Now grabbing ME2111's activities
Now grabbing JOM952's activities
Now grabbing SMMxxx FIN & CF's activities
Now grabbing SMM114's activities
Now grabbing IP2022's activities
Now grabbing SMM109's activities
Now grabbing EVIEWSIFRMautumn's activities
Now grabbing CS1789's activities
Now grabbing JOM909's activities
Now grabbing EPM829's activities
Now grabbing MBM022 MEMBA's activities
Now grabbing EE1406's activities
Now grabbing RT2025's activities
Now grabbing RT2017's activities
Now grabbing ME1105's activities
Now grabbing SGM231's activities
Now grabbing SMM037's activities
Now grabbing SG3050's activities
Now grabbing APM022's activities
Now grabbing JOM935's activities
Now grabbing MA1203's activities
Now grabbing SMM380's activities
Now grabbing MBM162 MEMBA's activities
Now grabbing AE3203's activities
Now grabbing BS3106's activities
Now grabbing IF2204's activities
Now grabbing EC2013's activities
Now grabbing IF2104's activities
Now grabbing SMM925's activities
Now grabbing SMM207's activities
Now grabbing MA3611's activities
Now grabbing SMM301's activities
Now grabbing EL3001's activities
Now grabbing JOM620's activities
Now grabbing MU2123's activities
Now grabbing ETM451's activities
Now grabbing MBM407 QM (A)'s activities
Now grabbing FR2209's activities
Now grabbing EPM746's activities
Now grabbing FR3103's activities
Now grabbing INM355 (PT)'s activities
Now grabbing INM391's activities
Now grabbing HSM051's activities
Now grabbing MBM407 SS1 (B)'s activities
Now grabbing CS3209's activities
Now grabbing SLM001's activities
Now grabbing APM008/9's activities
Now grabbing %23SPLUS4CE57B's activities
Now grabbing EE2511's activities
Now grabbing CS1837's activities
Now grabbing MA2606's activities
Now grabbing JOM871's activities
Now grabbing SLM005's activities
Now grabbing EPM936's activities
Now grabbing SG1020's activities
Now grabbing MBM408 OM  (B)'s activities
Now grabbing PSM526's activities
Now grabbing MBM020's activities
Now grabbing MBM409 CF (A)'s activities
Now grabbing PSM520's activities
Now grabbing IP1016's activities
Now grabbing JOM918's activities
Now grabbing ME1111's activities
Now grabbing CE2310's activities
Now grabbing FR2211's activities
Now grabbing SG3036's activities
Now grabbing CE2614's activities
Now grabbing EC3017's activities
Now grabbing RT1023's activities
Now grabbing MEM102's activities
Now grabbing SMM722's activities
Now grabbing LG3094's activities
Now grabbing MBMxxx Rev EMBA's activities
Now grabbing MA1600's activities
Now grabbing EPM969's activities
Now grabbing INM309's activities
Now grabbing PSM401's activities
Now grabbing ET3051's activities
Now grabbing JO1122's activities
Now grabbing IP3021's activities
Now grabbing SMM131's activities
Now grabbing EC1012's activities
Now grabbing EE3420's activities
Now grabbing CS2601's activities
Now grabbing CE1638's activities
Now grabbing PSM408's activities
Now grabbing SMM133's activities
Now grabbing SMM120's activities
Now grabbing EPM941's activities
Now grabbing EPM751's activities
Now grabbing PSD305's activities
Now grabbing BS2209's activities
Now grabbing CRM001's activities
Now grabbing IPM012's activities
Now grabbing MBM134 EMBA's activities
Now grabbing SMM034's activities
Now grabbing BSM006's activities
Now grabbing CRM002's activities
Now grabbing PS3504's activities
Now grabbing APM014's activities
Now grabbing CE2623's activities
Now grabbing LG2008's activities
Now grabbing EDM114's activities
Now grabbing EC3027's activities
Now grabbing SMM430's activities
Now grabbing EPM946's activities
Now grabbing CE2671's activities
Now grabbing SMM987's activities
Now grabbing SMM955's activities
Now grabbing CS1203's activities
Now grabbing ET2052's activities
Now grabbing JOM907's activities
Now grabbing SMM383's activities
Now grabbing SMM051's activities
Now grabbing EPM776's activities
Now grabbing RDM017's activities
Now grabbing LA2208's activities
Now grabbing SMM811's activities
Now grabbing CS1545's activities
Now grabbing CS1588's activities
Now grabbing EPM824's activities
Now grabbing HCM002's activities
Now grabbing INM395's activities
Now grabbing SMM510's activities
Now grabbing BS3092's activities
Now grabbing SMM280's activities
Now grabbing IPM111's activities
Now grabbing SMM924's activities
Now grabbing BS3205's activities
Now grabbing RD2023's activities
Now grabbing MBM408 MKT (B)'s activities
Now grabbing MBM306's activities
Now grabbing RT2007's activities
Now grabbing CCE's activities
Now grabbing IN2008's activities
Now grabbing AS2205's activities
Now grabbing CE2622's activities
Now grabbing EPM727's activities
Now grabbing %23SPLUS5AF225's activities
Now grabbing SMM589's activities
Now grabbing MBM000REV's activities
Now grabbing LG3079's activities
Now grabbing EVIEWSA&Fautumn's activities
Now grabbing SG3058's activities
Now grabbing MUM108's activities
Now grabbing APM003's activities
Now grabbing RC3007's activities
Now grabbing INM362's activities
Now grabbing SMM952 FI WM's activities
Now grabbing CS1559's activities
Now grabbing JOM470 P's activities
Now grabbing MBM406's activities
Now grabbing SMM712's activities
Now grabbing EPM975's activities
Now grabbing OV1011's activities
Now grabbing JOM248's activities
Now grabbing INM337's activities
Now grabbing HS2448's activities
Now grabbing JO3112's activities
Now grabbing ECM022's activities
Now grabbing AE2513's activities
Now grabbing IP1004's activities
Now grabbing OV1001's activities
Now grabbing EPM782's activities
Now grabbing SMM111's activities
Now grabbing BS1203's activities
Now grabbing JOM862's activities
Now grabbing IF1104's activities
Now grabbing LAM060's activities
Now grabbing AF1201's activities
Now grabbing EPM401's activities
Now grabbing PS2005's activities
Now grabbing INM318's activities
Now grabbing RDM030's activities
Now grabbing CV2403's activities
Now grabbing INM330's activities
Now grabbing SMM062's activities
Now grabbing EPMXXXPGLAB's activities
Now grabbing SMM440's activities
Now grabbing HS2445's activities
Now grabbing MUM111's activities
Now grabbing SMM195's activities
Now grabbing BS1207's activities
Now grabbing ECM007's activities
Now grabbing SMM372's activities
Now grabbing SMM850's activities
Now grabbing JOM923's activities
Now grabbing CE2367's activities
Now grabbing BS2208's activities
Now grabbing LU3072's activities
Now grabbing CS1856's activities
Now grabbing SMM472's activities
Now grabbing SGM229's activities
Now grabbing CE1772's activities
Now grabbing SMM201's activities
Now grabbing ECM015's activities
Now grabbing JOM602's activities
Now grabbing SMM478's activities
Now grabbing RC2021's activities
Now grabbing AS3xxx's activities
Now grabbing ECM001's activities
Now grabbing EE1466's activities
Now grabbing LU3088's activities
Now grabbing SMM268's activities
Now grabbing SGM243's activities
Now grabbing MBM409 PD's activities
Now grabbing SMM105's activities
Now grabbing EE1501's activities
Now grabbing AE3212's activities
Now grabbing LD3005's activities
Now grabbing SMM592's activities
Now grabbing MU2131's activities
Now grabbing RD3010's activities
Now grabbing SMM810's activities
Now grabbing INM400's activities
Now grabbing LU3106's activities
Now grabbing MBM315's activities
Now grabbing IN3007's activities
Now grabbing SMM228's activities
Now grabbing SMM182's activities
Now grabbing EE2401's activities
Now grabbing JOM845's activities
Now grabbing SMM522 Rpms/IM's activities
Now grabbing SMM862's activities
Now grabbing MBM544 MEMBA's activities
Now grabbing CS1596's activities
Now grabbing MBM023's activities
Now grabbing SMM805's activities
Now grabbing AE3216's activities
Now grabbing SL1002S's activities
Now grabbing CS1223's activities
Now grabbing CS2364's activities
Now grabbing EE1508's activities
Now grabbing EPM602's activities
Now grabbing SMM522  MTF's activities
Now grabbing CV3403's activities
Now grabbing LU3103's activities
Now grabbing SMM019's activities
Now grabbing AS2204's activities
Now grabbing SMM428's activities
Now grabbing SMM223's activities
Now grabbing AS2108 CT2's activities
Now grabbing HCM007's activities
Now grabbing SMM610's activities
Now grabbing PS1007's activities
Now grabbing SMM249 CF's activities
Now grabbing SMM994's activities
Now grabbing EE3519's activities
Now grabbing RCM124's activities
Now grabbing ME3113's activities
Now grabbing JOM845TB's activities
Now grabbing RT1014's activities
Now grabbing AMMxx4's activities
Now grabbing LU3097's activities
Now grabbing SG2021's activities
Now grabbing SMM717's activities
Now grabbing Databases RE/REI's activities
Now grabbing LA2202's activities
Now grabbing ME3100M's activities
Now grabbing EPM767's activities
Now grabbing CS2604's activities
Now grabbing IN3031's activities
Now grabbing Block 01 Elective 01's activities
Now grabbing MBM112M's activities
Now grabbing JOM956's activities
Now grabbing SMM555's activities
Now grabbing SMM313's activities
Now grabbing %23SPLUS4CE57E's activities
Now grabbing CE1208's activities
Now grabbing ME3107's activities
Now grabbing MA1614's activities
Now grabbing RD3025's activities
Now grabbing SMM597's activities
Now grabbing JOM967's activities
Now grabbing MBM167's activities
Now grabbing AS3109's activities
Now grabbing PHM001's activities
Now grabbing OV1111's activities
Now grabbing CS1872's activities
Now grabbing SMM477's activities
Now grabbing RT1015's activities
Now grabbing SMM474's activities
Now grabbing SMM618's activities
Now grabbing AMM408's activities
Now grabbing RC1021's activities
Now grabbing HS2131's activities
Now grabbing SMM515's activities
Now grabbing EPM931's activities
Now grabbing MA2613's activities
Now grabbing CSW's activities
Now grabbing EPM791's activities
Now grabbing LU3098's activities
Now grabbing SMM254's activities
Now grabbing CS1957's activities
Now grabbing EPM730's activities
Now grabbing BS2214's activities
Now grabbing CS1863's activities
Now grabbing EPM953's activities
Now grabbing JO1202's activities
Now grabbing MA3697's activities
Now grabbing SMM156's activities
Now grabbing EDM119's activities
Now grabbing SMM176's activities
Now grabbing LU1004's activities
Now grabbing JOM880's activities
Now grabbing PSM714's activities
Now grabbing HS1000's activities
Now grabbing CE3113's activities
Now grabbing MBM518's activities
Now grabbing SMM480's activities
Now grabbing ME3151's activities
Now grabbing SMM357's activities
Now grabbing Databases IRM,FI, WM,MTF's activities
Now grabbing EPM952's activities
Now grabbing EE3462's activities
Now grabbing SL3003's activities
Now grabbing MA2600's activities
Now grabbing LU3083's activities
Now grabbing BS3201's activities
Now grabbing BS3211's activities
Now grabbing SMM310's activities
Now grabbing CS1953's activities
Now grabbing INM305's activities
Now grabbing PSM404's activities
Now grabbing LG3070's activities
Now grabbing MBM112 EMBA's activities
Now grabbing JOM990's activities
Now grabbing CS1579's activities
Now grabbing IN3040's activities
Now grabbing PSM706's activities
Now grabbing JOM828's activities
Now grabbing FR2000's activities
Now grabbing ECM105's activities
Now grabbing MBM113's activities
Now grabbing EPM704's activities
Now grabbing %23SPLUSB0508A's activities
Now grabbing OV2208's activities
Now grabbing JO1166's activities
Now grabbing INM359's activities
Now grabbing FR3100's activities
Now grabbing SMM059's activities
Now grabbing MBM408 INT's activities
Now grabbing FR2106's activities
Now grabbing SMM382's activities
Now grabbing CS1335's activities
Now grabbing MA3609's activities
Now grabbing JOM957's activities
Now grabbing SMM360's activities
Now grabbing SMM121 Block's activities
Now grabbing SMM124's activities
Now grabbing BS3102's activities
Now grabbing MBM015 Memba's activities
Now grabbing MA3615's activities
Now grabbing SMM030's activities
Now grabbing CS1576's activities
Now grabbing JO3102's activities
Now grabbing EPM707's activities
Now grabbing ME1109's activities
Now grabbing EPM604's activities
Now grabbing MU3142's activities
Now grabbing IPM020's activities
Now grabbing MA1201's activities
Now grabbing LAM024's activities
Now grabbing IF2207's activities
Now grabbing FR3102's activities
Now grabbing IPM009's activities
Now grabbing SMM031's activities
Now grabbing IF2200's activities
Now grabbing Module Support 3's activities
Now grabbing SMM560's activities
Now grabbing IP2028's activities
Now grabbing HC2002's activities
Now grabbing CS1768's activities
Now grabbing JOM845F's activities
Now grabbing SMM137's activities
Now grabbing IP2023's activities
Now grabbing LG2005's activities
Now grabbing INM343 (FT)'s activities
Now grabbing EPM757's activities
Now grabbing SMM259's activities
Now grabbing IF2210's activities
Now grabbing FPM003's activities
Now grabbing SG2025's activities
Now grabbing PS3501's activities
Now grabbing HCM016's activities
Now grabbing HS1023's activities
Now grabbing SG2050's activities
Now grabbing IN2018's activities
Now grabbing MU1058's activities
Now grabbing SMM270's activities
Now grabbing SMM304's activities
Now grabbing IN2026's activities
Now grabbing RC3004's activities
Now grabbing CS1798's activities
Now grabbing SG1017's activities
Now grabbing RC1022's activities
Now grabbing EPM945's activities
Now grabbing LU1001's activities
Now grabbing SMM305's activities
Now grabbing JO3115's activities
Now grabbing EC2020's activities
Now grabbing ETM065's activities
Now grabbing CS1587's activities
Now grabbing CS2605's activities
Now grabbing PS2003's activities
Now grabbing LG3085's activities
Now grabbing EC2017's activities
Now grabbing HCM001's activities
Now grabbing LG2004's activities
Now grabbing SMM603's activities
Now grabbing SMM815's activities
Now grabbing MBM559 FTMBA's activities
Now grabbing MBM409 CF (B)'s activities
Now grabbing %23SPLUSDC4344's activities
Now grabbing MU2141's activities
Now grabbing EC3022's activities
Now grabbing PSM505's activities
Now grabbing EPM831's activities
Now grabbing MBM316's activities
Now grabbing SMM355's activities
Now grabbing %23SPLUS15EC2F's activities
Now grabbing LA4108's activities
Now grabbing SMM069's activities
Now grabbing NMM053's activities
Now grabbing EPM750's activities
Now grabbing MBM104 EMBA's activities
Now grabbing CV1302's activities
Now grabbing INM312 (PT)'s activities
Now grabbing EPM744's activities
Now grabbing %23SPLUSB0508D's activities
Now grabbing APM007's activities
Now grabbing SMM056's activities
Now grabbing CS1987's activities
Now grabbing LAM046's activities
Now grabbing MBM018 EMBA's activities
Now grabbing SMM452's activities
Now grabbing EVIEWSBIFautumn's activities
Now grabbing EPM875's activities
Now grabbing CS1816's activities
Now grabbing JO2203's activities
Now grabbing ECM003a's activities
Now grabbing SGM247's activities
Now grabbing SGM250's activities
Now grabbing CV2407's activities
Now grabbing RT3006's activities
Now grabbing CE1804's activities
Now grabbing AF3xxx's activities
Now grabbing MUM115's activities
Now grabbing CE1884's activities
Now grabbing IPM026's activities
Now grabbing SMM812's activities
Now grabbing IP3017's activities
Now grabbing MU2113's activities
Now grabbing LU3092's activities
Now grabbing LA0024's activities
Now grabbing EPM771's activities
Now grabbing EPM820's activities
Now grabbing LD3002's activities
Now grabbing SMM467 FIN's activities
Now grabbing AMM424's activities
Now grabbing CS1592's activities
Now grabbing SMM147 IAF's activities
Now grabbing PS3026's activities
Now grabbing MBM409  IM (B)'s activities
Now grabbing SMM021's activities
Now grabbing CC1003's activities
Now grabbing EPM717's activities
Now grabbing ECM017's activities
Now grabbing ECRM's activities
Now grabbing MBM555's activities
Now grabbing HMM005's activities
Now grabbing EPM423's activities
Now grabbing EPM720's activities
Now grabbing IP1018's activities
Now grabbing CVM325's activities
Now grabbing SMM106's activities
Now grabbing BS3107's activities
Now grabbing SMM236 CF's activities
Now grabbing MBM407 QM (B)'s activities
Now grabbing SMM469 IAF's activities
Now grabbing MA2xxx's activities
Now grabbing MBM406 org (A)'s activities
Now grabbing EPM413's activities
Now grabbing SMM115's activities
Now grabbing SMM990's activities
Now grabbing SMM101's activities
Now grabbing MBM409 INT's activities
Now grabbing AF yrs 123's activities
Now grabbing LAM028's activities
Now grabbing EE1504's activities
Now grabbing OV3004's activities
Now grabbing MBM024 MEMBA's activities
Now grabbing CE2380's activities
Now grabbing JO3110's activities
Now grabbing RT3013's activities
Now grabbing CE1591's activities
Now grabbing IF2000's activities
Now grabbing CS1788's activities
Now grabbing SMM403's activities
Now grabbing %23SPLUS9B8F5B's activities
Now grabbing LU2001's activities
Now grabbing JOM845M's activities
Now grabbing SG2016's activities
Now grabbing IN2018p's activities
Now grabbing MBM522's activities
Now grabbing SMM416's activities
Now grabbing MS1201's activities
Now grabbing FR3205's activities
Now grabbing MU3134's activities
Now grabbing SMM620's activities
Now grabbing SLM010's activities
Now grabbing CS1875's activities
Now grabbing SGM100's activities
Now grabbing CE1889's activities
Now grabbing CS2566's activities
Now grabbing SMM386's activities
Now grabbing CE1892's activities
Now grabbing SMM529's activities
Now grabbing OVM005's activities
Now grabbing MBM538 FTMBA's activities
Now grabbing CV1301's activities
Now grabbing INM377's activities
Now grabbing RT3024's activities
Now grabbing SGM205's activities
Now grabbing EPM711's activities
Now grabbing SMM563's activities
Now grabbing INM404's activities
Now grabbing RT3023's activities
Now grabbing EPM971's activities
Now grabbing CE1327's activities
Now grabbing MS2105's activities
Now grabbing CS1386's activities
Now grabbing CS2304's activities
Now grabbing CS2769's activities
Now grabbing IF1001's activities
Now grabbing BS2102's activities
Now grabbing EPM422's activities
Now grabbing JOM606's activities
Now grabbing RCM011's activities
Now grabbing CV2318's activities
Now grabbing %23SPLUS13C8D8's activities
Now grabbing PS1004's activities
Now grabbing CE2309's activities
Now grabbing SMM179's activities
Now grabbing INM372 (PT)'s activities
Now grabbing LG3100's activities
Now grabbing RT1011's activities
Now grabbing CV1420's activities
Now grabbing LU3084's activities
Now grabbing CTA Cass Exec's activities
Now grabbing CE1216's activities
Now grabbing PSD210's activities
Now grabbing %23SPLUSB04FBC's activities
Now grabbing EEM507's activities
Now grabbing SL2002's activities
Now grabbing CS1765's activities
Now grabbing MBM406 QM (B)'s activities
Now grabbing EPM932's activities
Now grabbing IN2009's activities
Now grabbing JOM778's activities
Now grabbing EE3505's activities
Now grabbing JOM867's activities
Now grabbing IN1004's activities
Now grabbing AF2203's activities
Now grabbing JOM613's activities
Now grabbing FR2200's activities
Now grabbing AE2203's activities
Now grabbing LG3097's activities
Now grabbing CS1222's activities
Now grabbing EDM113's activities
Now grabbing HS1002's activities
Now grabbing MEA2XXX's activities
Now grabbing %23SPLUS482ED5's activities
Now grabbing SMM976's activities
Now grabbing MBM014 memba's activities
Now grabbing SL1005S's activities
Now grabbing AS3204's activities
Now grabbing CS2524's activities
Now grabbing MBM409  IM (A)'s activities
Now grabbing INM350's activities
Now grabbing RT1024's activities
Now grabbing SMM473's activities
Now grabbing SMM249 FIN's activities
Now grabbing RD1025's activities
Now grabbing HRM002's activities
Now grabbing CS1796's activities
Now grabbing FR3200's activities
Now grabbing PS3003's activities
Now grabbing ECM012's activities
Now grabbing LA1201's activities
Now grabbing EE2469's activities
Now grabbing OVM006's activities
Now grabbing MBM109M's activities
Now grabbing EE3500's activities
Now grabbing IN3002's activities
Now grabbing SMM186's activities
Now grabbing SMM177's activities
Now grabbing HCM009's activities
Now grabbing MA2608's activities
Now grabbing BS2113's activities
Now grabbing MBM016's activities
Now grabbing SL3004's activities
Now grabbing CE1675's activities
Now grabbing SMM986's activities
Now grabbing PSM407's activities
Now grabbing CV3402's activities
Now grabbing EPM910's activities
Now grabbing SMM821's activities
Now grabbing PS3024's activities
Now grabbing SG1016's activities
Now grabbing INM339's activities
Now grabbing SMM471 IAF's activities
Now grabbing JOM910's activities
Now grabbing %23SPLUS8ED06F's activities
Now grabbing RM for FE's activities
Now grabbing MBM126 emba's activities
Now grabbing AS3303's activities
Now grabbing MBM129's activities
Now grabbing CV2309's activities
Now grabbing LA2002's activities
Now grabbing AMM406's activities
Now grabbing AS2001's activities
Now grabbing JOM779's activities
Now grabbing SMM151's activities
Now grabbing AE3250's activities
Now grabbing SL2003's activities
Now grabbing MS2000's activities
Now grabbing SMM550's activities
Now grabbing PS3027's activities
Now grabbing LU1003's activities
Now grabbing CS1948's activities
Now grabbing EPM970's activities
Now grabbing JOM610's activities
Now grabbing EPM407's activities
Now grabbing IN1007's activities
Now grabbing PSM525's activities
Now grabbing AF3200's activities
Now grabbing HSM132's activities
Now grabbing SL1006S's activities
Now grabbing PS3001's activities
Now grabbing MAM613's activities
Now grabbing EE3507's activities
Now grabbing SMM559's activities
Now grabbing SMM528's activities
Now grabbing PS3013's activities
Now grabbing AS2101's activities
Now grabbing LG3074's activities
Now grabbing SMM211's activities
Now grabbing SMM149's activities
Now grabbing %23SPLUSB04FBB's activities
Now grabbing OVM053's activities
Now grabbing MBM023 MEMBA's activities
Now grabbing PS1006's activities
Now grabbing SMM686's activities
Now grabbing INM303's activities
Now grabbing MBM551 MEMBA's activities
Now grabbing EE3502's activities
Now grabbing CS1211's activities
Now grabbing EE3509's activities
Now grabbing JOM838's activities
Now grabbing CS1764's activities
Now grabbing CE2557's activities
Now grabbing ECM021's activities
Now grabbing French For Media Conversation Class's activities
Now grabbing JOM861's activities
Now grabbing CE1835's activities
Now grabbing ETM069's activities
Now grabbing MBM161 MEMBA's activities
Now grabbing OV2006's activities
Now grabbing LD3001's activities
Now grabbing EPM906's activities
Now grabbing BS2213's activities
Now grabbing CE1648's activities
Now grabbing SG3060's activities
Now grabbing SMM229's activities
Now grabbing MA1613's activities
Now grabbing LD3004's activities
Now grabbing MS1103's activities
Now grabbing JOM924's activities
Now grabbing SG3055's activities
Now grabbing SGM009's activities
Now grabbing ECM004's activities
Now grabbing RD3022's activities
Now grabbing SMM593's activities
Now grabbing SMM263's activities
Now grabbing SMM314's activities
Now grabbing HSM001's activities
Now grabbing EPM420's activities
Now grabbing Fin Ind's activities
Now grabbing FR3000's activities
Now grabbing AMMxx5's activities
Now grabbing FR3110's activities
Now grabbing SMM923's activities
Now grabbing SMM065's activities
Now grabbing MUM110's activities
Now grabbing EDM109's activities
Now grabbing MBM000EXAMS's activities
Now grabbing SMM721's activities
Now grabbing MBM559 MEMBA's activities
Now grabbing CPM Ind's activities
Now grabbing CE1503's activities
Now grabbing LA1108's activities
Now grabbing CC1005's activities
Now grabbing EPM870's activities
Now grabbing EMBASEPT's activities
Now grabbing Databases BIF/IAF's activities
Now grabbing BS1204's activities
Now grabbing JO3109's activities
Now grabbing AS3301's activities
Now grabbing JOM263's activities
Now grabbing INM401's activities
Now grabbing AE2515's activities
Now grabbing SGM257's activities
Now grabbing JOM831's activities
Now grabbing CS1205's activities
Now grabbing CS1794's activities
Now grabbing LU3089's activities
Now grabbing JOM311's activities
Now grabbing LAM063's activities
Now grabbing EPM836's activities
Now grabbing INM353 (PT)'s activities
Now grabbing IN2013's activities
Now grabbing SMM804's activities
Now grabbing SMM148 FIN's activities
Now grabbing IN2029's activities
Now grabbing LA2108's activities
Now grabbing CE1785's activities
Now grabbing SMM522 FI yr2's activities
Now grabbing SMM554's activities
Now grabbing LU3100's activities
Now grabbing AMM421's activities
Now grabbing SMM939's activities
Now grabbing SMM389's activities
Now grabbing IPM029's activities
Now grabbing PS3502's activities
Now grabbing CS1586's activities
Now grabbing CE2578's activities
Now grabbing SMM225's activities
Now grabbing MA2607's activities
Now grabbing SGM011's activities
Now grabbing IP2020's activities
Now grabbing CS1822's activities
Now grabbing MBM408 PD's activities
Now grabbing CS1941's activities
Now grabbing IN3042's activities
Now grabbing IN2016's activities
Now grabbing CE2319's activities
Now grabbing JO3124's activities
Now grabbing EPM775's activities
Now grabbing LG2001's activities
Now grabbing MA2620's activities
Now grabbing JOM845I's activities
Now grabbing FTMBA Induction's activities
Now grabbing SMM802's activities
Now grabbing SMM619's activities
Now grabbing IN2007's activities
Now grabbing CV3311's activities
Now grabbing JOM803's activities
Now grabbing AS2021's activities
Now grabbing MBM407 SS1 (A)'s activities
Now grabbing CE1775's activities
Now grabbing LA0028's activities
Now grabbing EVIEWSMGTspring's activities
Now grabbing EC2014's activities
Now grabbing APM004's activities
Now grabbing MU3121's activities
Now grabbing EC3009's activities
Now grabbing MUM107's activities
Now grabbing TMG's activities
Now grabbing APM017's activities
Now grabbing MBM166 EMBA's activities
Now grabbing HPM004's activities
Now grabbing SMM238's activities
Now grabbing EPM825's activities
Now grabbing INM354 (FT)'s activities
Now grabbing FPM002's activities
Now grabbing CS1804's activities
Now grabbing FR3104's activities
Now grabbing IPM005's activities
Now grabbing LA3208's activities
Now grabbing BS1102's activities
Now grabbing ECM108's activities
Now grabbing INM370 (FT)'s activities
Now grabbing HS1001's activities
Now grabbing LAM061's activities
Now grabbing LU3076's activities
Now grabbing CS1819's activities
Now grabbing BS3200 Study Abroad's activities
Now grabbing SLM008's activities
Now grabbing CS2520's activities
Now grabbing CV2405's activities
Now grabbing IF1201 IFRM's activities
Now grabbing BS3110's activities
Now grabbing IPM018's activities
Now grabbing EC1008's activities
Now grabbing INM356's activities
Now grabbing SMM461's activities
Now grabbing SMM272's activities
Now grabbing AF1101's activities
Now grabbing OV2207's activities
Now grabbing SMM054's activities
Now grabbing SMM150's activities
Now grabbing MBM408 Markstrat FTMBA's activities
Now grabbing MA1202's activities
Now grabbing SGM232's activities
Now grabbing SMM503's activities
Now grabbing IF3103's activities
Now grabbing SMM024's activities
Now grabbing EPM937's activities
Now grabbing IP3025's activities
Now grabbing LU3080's activities
Now grabbing ME3101's activities
Now grabbing IN3012's activities
Now grabbing BS2203's activities
Now grabbing MU2127's activities
Now grabbing AF3001's activities
Now grabbing CE1557's activities
Now grabbing EPM759's activities
Now grabbing IF2209's activities
Now grabbing CS1895's activities
Now grabbing EPM412's activities
Now grabbing PSD314's activities
Now grabbing SMM029's activities
Now grabbing MS3102's activities
Now grabbing SMM200's activities
Now grabbing CV3313's activities
Now grabbing SMM126's activities
Now grabbing EVIEWSBIFspring's activities
Now grabbing MS2202's activities
Now grabbing MBM406 QM (A)'s activities
Now grabbing %23SPLUSB0508C's activities
Now grabbing EC1004's activities
Now grabbing IPM008's activities
Now grabbing FR2206's activities
Now grabbing EPM770's activities
Now grabbing IP3013's activities
Now grabbing SMMxxx Econometrics FM's activities
Now grabbing SMM840's activities
Now grabbing MBM022 EMBA's activities
Now grabbing CE2613's activities
Now grabbing BS3216's activities
Now grabbing MU3017 (CI)'s activities
Now grabbing LAM022's activities
Now grabbing CS1594's activities
Now grabbing SMM134's activities
Now grabbing AS3001's activities
Now grabbing RT3025's activities
Now grabbing IN2006's activities
Now grabbing PS1003's activities
Now grabbing OV3025's activities
Now grabbing JOM845 TV's activities
Now grabbing BS1004 BUS/MGT's activities
Now grabbing OV2020's activities
Now grabbing SMMxxx BP's activities
Now grabbing INM359(EVE)'s activities
Now grabbing IF3108.'s activities
Now grabbing %23SPLUSB04FBF's activities
Now grabbing SL2005's activities
Now grabbing SMM366's activities
Now grabbing FR3208's activities
Now grabbing CS1843's activities
Now grabbing %23SPLUS0D0868's activities
Now grabbing SMM387's activities
Now grabbing MBM126 memba's activities
Now grabbing CE2208's activities
Now grabbing EPM403's activities
Now grabbing AS3021's activities
Now grabbing IN3011's activities
Now grabbing HSM232's activities
Now grabbing MBM107's activities
Now grabbing HMM023's activities
Now grabbing PS2002's activities
Now grabbing MA3616's activities
Now grabbing JO2206's activities
Now grabbing CS1799's activities
Now grabbing MBM506 FTMBA's activities
Now grabbing EC1011's activities
Now grabbing SLM010S's activities
Now grabbing JOM614's activities
Now grabbing BS1106's activities
Now grabbing MBM409 CG (A)'s activities
Now grabbing SMM598's activities
Now grabbing CE1888's activities
Now grabbing CE3112's activities
Now grabbing FR3210's activities
Now grabbing SG3041's activities
Now grabbing SMM466's activities
Now grabbing CFA's activities
Now grabbing APM010's activities
Now grabbing MBM536 FTMBA's activities
Now grabbing SMM465's activities
Now grabbing LMM138's activities
Now grabbing MEMBA Induction 2012's activities
Now grabbing SMM716's activities
Now grabbing EE3520's activities
Now grabbing MS1202's activities
Now grabbing SMM943 PhD's activities
Now grabbing BS2210's activities
Now grabbing ECM011's activities
Now grabbing ETM051's activities
Now grabbing CAREERS's activities
Now grabbing EPM501's activities
Now grabbing RD1024's activities
Now grabbing %23SPLUS241DBE's activities
Now grabbing ETM063's activities
Now grabbing OV1004's activities
Now grabbing SMM813's activities
Now grabbing IF1000's activities
Now grabbing SMM160's activities
Now grabbing SLM004's activities
Now grabbing RT1016's activities
Now grabbing ECM009's activities
Now grabbing EPM874's activities
Now grabbing SMM950 FI WM's activities
Now grabbing EC3012's activities
Now grabbing AS3205's activities
Now grabbing CV3414's activities
Now grabbing CS2383's activities
Now grabbing PSD220's activities
Now grabbing IF3200's activities
Now grabbing SMM262's activities
Now grabbing SLM009's activities
Now grabbing SMM112's activities
Now grabbing CS3110's activities
Now grabbing SMM922's activities
Now grabbing EPM790's activities
Now grabbing MU3124's activities
Now grabbing SMM165's activities
Now grabbing MA1617's activities
Now grabbing AF2102's activities
Now grabbing EC3011's activities
Now grabbing MBM405 BMP's activities
Now grabbing MA1200's activities
Now grabbing RT1025's activities
Now grabbing CC1002's activities
Now grabbing INM402's activities
Now grabbing AMMxx6's activities
Now grabbing SMM816's activities
Now grabbing LU3085's activities
Now grabbing MUM114's activities
Now grabbing ME3100's activities
Now grabbing OV1109's activities
Now grabbing %23SPLUSAEB750's activities
Now grabbing PS3007's activities
Now grabbing EPM938's activities
Now grabbing MA3607's activities
Now grabbing CSR's activities
Now grabbing ME1110's activities
Now grabbing %23SPLUSB04FC0's activities
Now grabbing Databases STF,ETF's activities
Now grabbing SMM196's activities
Now grabbing CS1779's activities
Now grabbing SMM113 FIN's activities
Now grabbing SMM107's activities
Now grabbing INM335's activities
Now grabbing AF2204's activities
Now grabbing ECM232's activities
Now grabbing SMM173's activities
Now grabbing MA2604's activities
Now grabbing HCM005's activities
Now grabbing CS1787's activities
Now grabbing RCM021's activities
Now grabbing CV2404's activities
Now grabbing JOM959's activities
Now grabbing MBM538's activities
Now grabbing SMM235's activities
Now grabbing MBM408 OM  (A)'s activities
Now grabbing IN3003's activities
Now grabbing PhD Induction Fin & mgt's activities
Now grabbing SMM615's activities
Now grabbing MUM104's activities
Now grabbing HSM301's activities
Now grabbing IP3016's activities
Now grabbing EVIEWSBUSautumn's activities
Now grabbing PS1009's activities
Now grabbing SMM863's activities
Now grabbing %23SPLUSB04FBA's activities
Now grabbing CS2581's activities
Now grabbing IN3008's activities
Now grabbing SL1004's activities
Now grabbing PSM707's activities
Now grabbing LAM023's activities
Now grabbing CS1807's activities
Now grabbing AMMxx1's activities
Now grabbing SMMxxx Careers's activities
Now grabbing BS3111's activities
Now grabbing LA0022's activities
Now grabbing AS3015's activities
Now grabbing INM372 (FT)'s activities
Now grabbing SMM520 - FI's activities
Now grabbing IF3206's activities
Now grabbing INM405's activities
Now grabbing EPM724's activities
Now grabbing SG2026's activities
Now grabbing JOM846's activities
Now grabbing MU3103's activities
Now grabbing MU2117's activities
Now grabbing MS1xxx SW's activities
Now grabbing HMM002's activities
Now grabbing %23SPLUS48BEDB's activities
Now grabbing IPM021's activities
Now grabbing LG2006's activities
Now grabbing SMM055's activities
Now grabbing EPM749's activities
Now grabbing SMM511's activities
Now grabbing EPM769's activities
Now grabbing PSD310's activities
Now grabbing HCM021's activities
Now grabbing AE3030's activities
Now grabbing CE1891's activities
Now grabbing CS1328's activities
Now grabbing %23SPLUSC73085's activities
Now grabbing %23SPLUS852447's activities
Now grabbing CE1554's activities
Now grabbing SMM679's activities
Now grabbing SMM232's activities
Now grabbing SMM276's activities
Now grabbing EC2018's activities
Now grabbing BS1208's activities
Now grabbing INM361's activities
Now grabbing BS1001's activities
Now grabbing SGM004's activities
Now grabbing CE1890's activities
Now grabbing LU2008's activities
Now grabbing SMM460_IAF's activities
Now grabbing SMM431's activities
Now grabbing INM378's activities
Now grabbing ECM212's activities
Now grabbing HS2332's activities
Now grabbing MBM526 FTMBA's activities
Now grabbing CS2768's activities
Now grabbing MU2142's activities
Now grabbing BS3000 YR 3's activities
Now grabbing Databases AM,AS, FM, QF's activities
Now grabbing IPM004's activities
Now grabbing MBM024 EMBA's activities
Now grabbing SMM953's activities
Now grabbing ETM066's activities
Now grabbing RD2024's activities
Now grabbing IN1002's activities
Now grabbing SG2255's activities
Now grabbing ECM006's activities
Now grabbing JO3120's activities
Now grabbing SMM604's activities
Now grabbing RT2022's activities
Now grabbing SMM354's activities
Now grabbing PSM501's activities
Now grabbing SL3002's activities
Now grabbing %23SPLUS2F1FC2's activities
Now grabbing FR3202's activities
Now grabbing IF3000's activities
Now grabbing CS1511's activities
Now grabbing LAM064's activities
Now grabbing MU1059's activities
Now grabbing EE3506's activities
Now grabbing MS2MS3 yr2&3's activities
Now grabbing EE3447's activities
Now grabbing SMM522 IAF's activities
Now grabbing JO2350's activities
Now grabbing CS1797's activities
Now grabbing SMMxxx MSc Tests's activities
Now grabbing BS3XXX's activities
Now grabbing SMM315's activities
Now grabbing EPM821's activities
Now grabbing PS3019's activities
Now grabbing MU1053's activities
Now grabbing HS2449's activities
Now grabbing SMM558's activities
Now grabbing PHM002's activities
Now grabbing SL1004S's activities
Now grabbing LA0023's activities
Now grabbing SMM260's activities
Now grabbing BS3200's activities
Now grabbing INM342 (PT)'s activities
Now grabbing MBM107M's activities
Now grabbing CE1883's activities
Now grabbing IPM025's activities
Now grabbing MBM408 MKT (A)'s activities
Now grabbing SMM147 CF's activities
Now grabbing SGM248's activities
Now grabbing JO2202's activities
Now grabbing CE1792's activities
Now grabbing SMM516 FIN's activities
Now grabbing SMM522 CF's activities
Now grabbing MU2124's activities
Now grabbing IPM030's activities
Now grabbing AS1201's activities
Now grabbing INM304's activities
Now grabbing SMM025's activities
Now grabbing SMM895's activities
Now grabbing ECM104's activities
Now grabbing SMM164's activities
Now grabbing SMM066's activities
Now grabbing MBMxxx Sec EMBA's activities
Now grabbing AE2512's activities
Now grabbing SMM672's activities
Now grabbing HS2002's activities
Now grabbing JOM938's activities
Now grabbing SMM881's activities
Now grabbing HS2441's activities
Now grabbing SMM421's activities
Now grabbing CS2540's activities
Now grabbing SMM220's activities
Now grabbing CV1305's activities
Now grabbing AMM419's activities
Now grabbing CS1991's activities
Now grabbing IN3030's activities
Now grabbing EPM786's activities
Now grabbing JO3101's activities
Now grabbing RT3012's activities
Now grabbing JOM823's activities
Now grabbing MAM614's activities
Now grabbing CS3703's activities
Now grabbing SMM942 PhD's activities
Now grabbing SMM995's activities
Now grabbing SG3007's activities
Now grabbing HRM001's activities
Now grabbing SG3059's activities
Now grabbing EC3023's activities
Now grabbing LMM133's activities
Now grabbing EPM947's activities
Now grabbing CVM302's activities
Now grabbing CS2536's activities
Now grabbing IF3104's activities
Now grabbing SLM005S's activities
Now grabbing JOM623's activities
Now grabbing HS2442's activities
Now grabbing IP1014's activities
Now grabbing INM355 (FT)'s activities
Now grabbing EPM715's activities
Now grabbing JOM962's activities
Now grabbing EPM722's activities
Now grabbing SMM103's activities
Now grabbing German For Media Conversation Class's activities
Now grabbing BS1205's activities
Now grabbing LU3074's activities
Now grabbing PSD312's activities
Now grabbing CS1338's activities
Now grabbing JOM866I's activities
Now grabbing LD3003's activities
Now grabbing RC3021's activities
Now grabbing ECM235's activities
Now grabbing A&F year 1 & 2's activities
Now grabbing SMM519's activities
Now grabbing RT3002's activities
Now grabbing CS1212's activities
Now grabbing MS3110's activities
Now grabbing EC3020's activities
Now grabbing SMM129's activities
Now grabbing HMM019's activities
Now grabbing LV overseas's activities
Now grabbing AE2511's activities
Now grabbing RD3023's activities
Now grabbing SMM594's activities
Now grabbing SMM992's activities
Now grabbing ECM005's activities
Now grabbing AS3302's activities
Now grabbing CE2303's activities
Now grabbing MBM501's activities
Now grabbing OV3021's activities
Now grabbing BS3215's activities
Now grabbing SMM194's activities
Now grabbing SGM106's activities
Now grabbing JOM882's activities
Now grabbing SGM223's activities
Now grabbing CE1556's activities
Now grabbing CV3408's activities
Now grabbing CE2388's activities
Now grabbing MECH2's activities
Now grabbing SMM352's activities
Now grabbing MBM013 EMBA's activities
Now grabbing SG1005's activities
Now grabbing MBM030 EMBA's activities
Now grabbing EPM784's activities
Now grabbing SGM256's activities
Now grabbing LA0020's activities
Now grabbing HS2043's activities
Now grabbing INM316's activities
Now grabbing SMM439's activities
Now grabbing CS1508's activities
Now grabbing MBM107 FTMBA's activities
Now grabbing MS3002's activities
Now grabbing AF2202's activities
Now grabbing SGM246's activities
Now grabbing AS3304's activities
Now grabbing SMM185's activities
Now grabbing EE2500's activities
Now grabbing ECM215's activities
Now grabbing LU1002's activities
Now grabbing SMM178's activities
Now grabbing CS1781's activities
Now grabbing AE3214's activities
Now grabbing CE1627's activities
Now grabbing SMM158's activities
Now grabbing SMM820's activities
Now grabbing PS2007's activities
Now grabbing INM406's activities
Now grabbing MU1060's activities
Now grabbing SMM368's activities
Now grabbing CE1886's activities
Now grabbing LA1101's activities
Now grabbing PHM004's activities
Now grabbing MBM549 EMBA's activities
Now grabbing CS2572's activities
Now grabbing AF3201's activities
Now grabbing SMM719's activities
Now grabbing %23SPLUSFE86C8's activities
Now grabbing BS2105's activities
Now grabbing SMM522 BIF's activities
Now grabbing CE2600's activities
Now grabbing RT1012's activities
Now grabbing SMM248 Fin's activities
Now grabbing MBM163 MEMBA's activities
Now grabbing SMM233 Evening's activities
Now grabbing EE3508's activities
Now grabbing CS1220's activities
Now grabbing MBM407 bus econ (A)'s activities
Now grabbing AEM203's activities
Now grabbing CVTUT2's activities
Now grabbing MU2107's activities
Now grabbing FR2202's activities
Now grabbing CE3111's activities
Now grabbing SMM370's activities
Now grabbing PSM512's activities
Now grabbing %23SPLUSB0508B's activities
Now grabbing LAM062's activities
Now grabbing LAM027's activities
Now grabbing CS1002's activities
Now grabbing INM376's activities
Now grabbing INM343 (PT)'s activities
Now grabbing SMM892's activities
Now grabbing SMM197's activities
Now grabbing MBM163 EMBA's activities
Now grabbing CV3401's activities
Now grabbing PS3012's activities
Now grabbing PSM524's activities
Now grabbing SMM230's activities
Now grabbing LA3108's activities
Now grabbing MA2611's activities
Now grabbing EPM793's activities
Now grabbing CVM305's activities
Now grabbing SMM685's activities
Now grabbing CS2606's activities
Now grabbing CS3212's activities
Now grabbing SMM817's activities
Now grabbing IP2024's activities
Now grabbing SMM522 QF/FM/IM's activities
Now grabbing PSM506's activities
Now grabbing MU3121(CI)'s activities
Now grabbing SMM152's activities
Now grabbing APM011's activities
Now grabbing SMM136's activities
Now grabbing SMM859's activities
Now grabbing PSM715's activities
Now grabbing AE3244's activities
Now grabbing CV2406's activities
Now grabbing SMM271's activities
Now grabbing OV1013's activities
Now grabbing SL2004's activities
Now grabbing HS2446's activities
Now grabbing SMM500's activities
Now grabbing IN1006's activities
Now grabbing RC3002's activities
Now grabbing AS0001's activities
Now grabbing MUMxx6's activities
Now grabbing FR1001's activities
Now grabbing MBM511's activities
Now grabbing MA3603's activities
Now grabbing OV3017's activities
Now grabbing HC2004's activities
Now grabbing FR3101's activities
Now grabbing INM342 (FT)'s activities
Now grabbing EVIEWSMGTautumn's activities
Now grabbing PSM502's activities
Now grabbing HCM010's activities
Now grabbing AE3210's activities
Now grabbing ECM107's activities
Now grabbing SMMxxx ET's activities
Now grabbing MBM029 MEMBA's activities
Now grabbing AF1100's activities
Now grabbing LG3077's activities
Now grabbing INM357's activities
Now grabbing EX1401CIVIL's activities
Now grabbing EE2513's activities
Now grabbing LG3103's activities
Now grabbing DLS's activities
Now grabbing OVM054's activities
Now grabbing SG3056's activities
Now grabbing HMM022's activities
Now grabbing SMM720's activities
Now grabbing SG1018's activities
Now grabbing MS2103's activities
Now grabbing SG1015's activities
Now grabbing SMM557.'s activities
Now grabbing %23SPLUS3E0D09's activities
Now grabbing EPM966's activities
Now grabbing %23SPLUSE83C48's activities
Now grabbing EPM934's activities
Now grabbing SMM543's activities
Now grabbing SMM678's activities
Now grabbing HS1011's activities
Now grabbing LU2003's activities
Now grabbing SMM170's activities
Now grabbing HS2232's activities
Now grabbing MBM540 emba memba's activities
Now grabbing MBM526 EMBA's activities
Now grabbing IN3015's activities
Now grabbing CS1853's activities
Now grabbing SMM359's activities
Now grabbing SMM432's activities
Now grabbing SMM944 PhD's activities
Now grabbing EPM778's activities
Now grabbing EC3014's activities
Now grabbing IP2026's activities
Now grabbing CS2564's activities
Now grabbing CE1894's activities
Now grabbing LAM026's activities
Now grabbing CS2577's activities
Now grabbing PSM403's activities
Now grabbing INM373 (PT)'s activities
Now grabbing RT3026's activities
Now grabbing INM379's activities
Now grabbing Timberlake's activities
Now grabbing JOM931's activities
Now grabbing SLM007's activities
Now grabbing INM351's activities
Now grabbing IN2015's activities
Now grabbing JOM905's activities
Now grabbing LA0029's activities
Now grabbing SMM312's activities
Now grabbing ME2104's activities
Now grabbing LU3091's activities
Now grabbing SMM237's activities
Now grabbing SMM522's activities
Now grabbing IF2201's activities
Now grabbing SG2043's activities
Now grabbing SMM226's activities
Now grabbing EPM697's activities
Now grabbing MU2111's activities
Now grabbing PSM522's activities
Now grabbing SMM601's activities
Now grabbing PS3503's activities
Now grabbing JO3125's activities
Now grabbing INM341's activities
Now grabbing SMMxxx Intro Stoch's activities
Now grabbing IP2021's activities
Now grabbing EDM107's activities
Now grabbing SMM184's activities
Now grabbing PSD303's activities
Now grabbing AMM407's activities
Now grabbing EPM948's activities
Now grabbing MBM407 INT's activities
Now grabbing IPM010's activities
Now grabbing AS2109's activities
Now grabbing LA0027's activities
Now grabbing CV3312's activities
Now grabbing MBM019 FTMBA's activities
Now grabbing CE1673's activities
Now grabbing LG2002's activities
Now grabbing JOM903's activities
Now grabbing MUM106's activities
Now grabbing OP Testing's activities
Now grabbing RSD's activities
Now grabbing IN2002's activities
Now grabbing IN2015p's activities
Now grabbing IPM028's activities
Now grabbing MU2028's activities
Now grabbing APM001's activities
Now grabbing SMM566's activities
Now grabbing INM307's activities
Now grabbing SMM070's activities
Now grabbing IP3019's activities
Now grabbing EPM822's activities
Now grabbing MBM104 MEMBA's activities
Now grabbing SMM522 ACMAN's activities
Now grabbing SMM035's activities
Now grabbing SMM212's activities
Now grabbing AS1071's activities
Now grabbing CS1801's activities
Now grabbing PS3025's activities
Now grabbing FPM001's activities
Now grabbing SGM202's activities
Now grabbing MBM406 MC's activities
Now grabbing Cass CCE's activities
Now grabbing LG3088's activities
Now grabbing SMM251's activities
Now grabbing SMM401's activities
Now grabbing JO3114's activities
Now grabbing EC2015's activities
Now grabbing EPM788's activities
Now grabbing SMM801's activities
Now grabbing CS2387's activities
Now grabbing CE1774's activities
Now grabbing NM1714's activities
Now grabbing EPM729's activities
Now grabbing PSD302's activities
Now grabbing PHM003's activities
Now grabbing EE3503's activities
Now grabbing CE2384's activities
Now grabbing PSM523's activities
Now grabbing LD3010's activities
Now grabbing CS1828's activities
Now grabbing ECM019's activities
Now grabbing MBM113M's activities
Now grabbing HS2331's activities
Now grabbing CS1786's activities
Now grabbing CS1825's activities
Now grabbing MBM539's activities
Now grabbing MA2605's activities
Now grabbing LU3102's activities
Now grabbing PS3021's activities
Now grabbing ECM214's activities
Now grabbing SMM450's activities
Now grabbing MU3114's activities
Now grabbing LG3106's activities
Now grabbing EVIEWSIFRMspring's activities
Now grabbing SMM609's activities
Now grabbing AMM426's activities
Now grabbing MA1605's activities
Now grabbing MBM548 M's activities
Now grabbing ECM024's activities
Now grabbing LA3103's activities
Now grabbing OV2017's activities
Now grabbing CS1201's activities
Now grabbing SGM240's activities
Now grabbing MU3001's activities
Now grabbing SMM248 CF's activities
Now grabbing RCM120's activities
Now grabbing CS1846's activities
Now grabbing MA1615's activities
Now grabbing RD3024's activities
Now grabbing RT1026's activities
Now grabbing SMM234's activities
Now grabbing LA0026's activities
Now grabbing BS2100's activities
Now grabbing MA1620's activities
Now grabbing SMU Exc kaist irm Induction's activities
Now grabbing EPM404's activities
Now grabbing LG3084's activities
Now grabbing SL1006's activities
Now grabbing MU3010's activities
Now grabbing JOM847's activities
Now grabbing ECM013's activities
Now grabbing EPM723's activities
Now grabbing IN3005's activities
Now grabbing HMM008's activities
Now grabbing MUM113's activities
Now grabbing SMMxxx PD's activities
Now grabbing EX1001's activities
Now grabbing PS3028's activities
Now grabbing LMM126's activities
Now grabbing LU3099's activities
Now grabbing JOM401's activities
Now grabbing BS2112's activities
Now grabbing ME3112's activities
Now grabbing IF3208's activities
Now grabbing SL1003's activities
Now grabbing MU3117's activities
Now grabbing SMM108 BIF's activities
Now grabbing SMM166's activities
Now grabbing SMM113's activities
Now grabbing LU3070's activities
Now grabbing EC3010's activities
Now grabbing MBM161's activities
Now grabbing EX2003's activities
Now grabbing IF3207's activities
Now grabbing EPM725's activities
Now grabbing SG3031's activities
Now grabbing FR2100's activities
Now grabbing SMM060's activities
Now grabbing PS1008's activities
Now grabbing INM311 (PT)'s activities
Now grabbing APM018's activities
Now grabbing PSM517's activities
Now grabbing FR2210's activities
Now grabbing CC3008's activities
Now grabbing CVM301's activities
Now grabbing OV2219's activities
Now grabbing SMM617's activities
Now grabbing SG2027's activities
Now grabbing MBM406 org (B)'s activities
Now grabbing SMM414's activities
Now grabbing LMM130's activities
Now grabbing IN2005's activities
Now grabbing FR2205's activities
Now grabbing CS1595's activities
Now grabbing AE3211's activities
Now grabbing RD1023's activities
Now grabbing EE1409's activities
Now grabbing EPM897's activities
Now grabbing SMM371's activities
Now grabbing CE1522's activities
Now grabbing JOM866 (N&I)'s activities
Now grabbing OV2021's activities
Now grabbing CE2589's activities
Now grabbing JOM865's activities
Now grabbing Guest Lecture MSc FIN's activities
Now grabbing EXAM1314's activities
Now grabbing PS1002's activities
Now grabbing AEM226's activities
Now grabbing EPM785's activities
Now grabbing INM313's activities
Now grabbing SMM426's activities
Now grabbing CE2678's activities
Now grabbing SMM715's activities
Now grabbing %23SPLUSB04FBE's activities
Now grabbing SG3038's activities
Now grabbing RDM031's activities
Now grabbing LA3003's activities
Now grabbing LD3007's activities
Now grabbing EVIEWSA&Fspring's activities
Now grabbing Cass Exec's activities
Now grabbing RT2019's activities
Now grabbing SMM608's activities
Now grabbing MBM019's activities
Now grabbing EE3443's activities
Now grabbing SMM814's activities
Now grabbing MBM025 EMBA's activities
Now grabbing APM015's activities
Now grabbing SL3007's activities
Now grabbing CE1887's activities
Now grabbing %23SPLUS633C05's activities
Now grabbing MA2614's activities
Now grabbing Exams EMBA's activities
Now grabbing BS1005 MPS's activities
Now grabbing EPM500's activities
Now grabbing FR3207's activities
Now grabbing SMM531's activities
Now grabbing EC1010's activities
Now grabbing SLM003's activities
Now grabbing SG3045's activities
Now grabbing SMM984's activities
Now grabbing EC2009's activities
Now grabbing LG3099's activities
Now grabbing SMM388's activities
Now grabbing MBM406 strat (A)'s activities
Now grabbing IN3014's activities
Now grabbing HS2231's activities
Now grabbing CS1771's activities
Now grabbing CS1831's activities
Now grabbing IN2031's activities
Now grabbing EE1502's activities
Now grabbing CV3409's activities
Now grabbing JOM318's activities
Now grabbing SMM918 PhD's activities
Now grabbing SMM789 mgt induction's activities
Now grabbing SL3008's activities
Now grabbing EE3422's activities
Now grabbing CC1001's activities
Now grabbing MA1603's activities
Now grabbing CS2575's activities
Now grabbing EPM974's activities
Now grabbing CE1609's activities
Now grabbing SL2006's activities
Now grabbing INM352's activities
Now grabbing INM381's activities
Now grabbing SG3063's activities
Now grabbing JOM861E's activities
Now grabbing PSM712's activities
Now grabbing SMM188's activities
Now grabbing CS1813's activities
Now grabbing INM373 (FT)'s activities
Now grabbing SMM448's activities
Now grabbing MBM121 EMBA/FI's activities
Now grabbing PS3018's activities
Now grabbing BS2212's activities
Now grabbing SMM753's activities
Now grabbing MU2121's activities
Now grabbing FR3105's activities
Now grabbing CS1985's activities
Now grabbing ECM103's activities
Now grabbing MBM140 EMBA's activities
Now grabbing HC2001's activities
Now grabbing SMM249 IAF's activities
Now grabbing MU3125's activities
Now grabbing INM423's activities
Now grabbing MBM172's activities
Now grabbing SMM985's activities
Now grabbing IF2102's activities
Now grabbing SMM058's activities
Now grabbing MBM018 MEMBA's activities
Now grabbing PS3030's activities
Now grabbing JO2106's activities
Now grabbing CE1679's activities
Now grabbing OV1012's activities
Now grabbing EPM766's activities
Now grabbing LU30x4's activities
Now grabbing MBM026's activities
Now grabbing LU3077's activities
Now grabbing LG3091's activities
Now grabbing JOXXX2's activities
Now grabbing CE1868's activities
Now grabbing EPM828's activities
Now grabbing PSM406's activities
Now grabbing BS3100's activities
Now grabbing AF2101's activities
Now grabbing EPM606's activities
Now grabbing EPM753's activities
Now grabbing EPM950's activities
Now grabbing MA3613's activities
Now grabbing MU1054's activities
Now grabbing CE2781's activities
Now grabbing CE1849's activities
Now grabbing INM375's activities
Now grabbing EE3484's activities
Now grabbing SMM028's activities
Now grabbing SMM222's activities
Now grabbing BS3207's activities
Now grabbing EPM600's activities
Now grabbing EPM833's activities
Now grabbing HS2443's activities
Now grabbing SMM582's activities
Now grabbing JOM922's activities
Now grabbing EC3019's activities
Now grabbing SMM519 FI WM's activities
Now grabbing PSM708's activities
Now grabbing MS3204's activities
Now grabbing INM348's activities
Now grabbing LAM021's activities
Now grabbing EPM755's activities
Now grabbing CV2401's activities
Now grabbing SL1002's activities
Now grabbing SMM040's activities
Now grabbing APM005's activities
Now grabbing %23SPLUSAADC6F's activities
Now grabbing LG2007's activities
Now grabbing SG1019's activities
Now grabbing SG1006's activities
Now grabbing SMM231's activities
Now grabbing SMM135's activities
Now grabbing EPM794's activities
Now grabbing CVM311's activities
Now grabbing SMM190's activities
Now grabbing CE1763's activities
Now grabbing MBM027 MEMBA's activities
Now grabbing SMM562's activities
Now grabbing ECM234's activities
Now grabbing SMM516's activities
Now grabbing PS2001's activities
Now grabbing MEM105's activities
Now grabbing ETM067's activities
Now grabbing CE1824's activities
Now grabbing INM353 (FT)'s activities
Now grabbing IN2012's activities
Now grabbing RDM004's activities
Now grabbing BS1107's activities
Now grabbing LA2017's activities
Now grabbing SMM522 IRM's activities
Now grabbing CS1207's activities
Now grabbing ECM211's activities
Now grabbing SL3001's activities
Now grabbing Cass Faculty Seminars's activities
Now grabbing SGM003's activities
Now grabbing JO3121's activities
Now grabbing HCM003's activities
Now grabbing SMM063's activities
Now grabbing SMM316's activities
Now grabbing INM397's activities
Now grabbing MBM542 EMBA's activities
Now grabbing FR3201's activities
Now grabbing LAM065's activities
Now grabbing MUM101's activities
Now grabbing CE2390's activities
Now grabbing INM312 (FT)'s activities
Now grabbing JOM149's activities
Now grabbing RDM032's activities
Now grabbing JO1105's activities
Now grabbing INM408's activities
Now grabbing SMM962  FIWM's activities
Now grabbing SGM222's activities
Now grabbing ME2110's activities
Now grabbing PSD311's activities
Now grabbing RDM019's activities
Now grabbing AS2051's activities
Now grabbing SMM261's activities
Now grabbing SMM353's activities
Now grabbing AE3268's activities
